C:\Program Files (x86)\MSBuild\Microsoft.Cpp\v4.0\V140\Microsoft.CppBuild.targets(368,5): warning MSB8004: Output Directory does not end with a trailing slash.  This build instance will add the slash as it is required to allow proper evaluation of the Output Directory.
C:\Program Files (x86)\MSBuild\Microsoft.Cpp\v4.0\V140\Microsoft.CppBuild.targets(392,5): warning MSB8028: The intermediate directory (Debug\) contains files shared from another project (jhl.vcxproj).  This can lead to incorrect clean and rebuild behavior.
  parse.c
src\model_exchange\fmusim_me\parse.c(93): warning C4047: 'initializing': 'fmiBoolean' differs in levels of indirection from 'char [1]'
src\model_exchange\fmusim_me\parse.c(93): warning C4047: 'initializing': 'const char *' differs in levels of indirection from 'int'
     Creating library ..\..\..\SimInTech\bin\parserXML.lib and object ..\..\..\SimInTech\bin\parserXML.exp
LINK : warning LNK4098: defaultlib 'LIBCMT' conflicts with use of other libs; use /NODEFAULTLIB:library
  jhl.vcxproj -> E:\Для Работы\parse\fmu10\..\..\..\SimInTech\bin\parserXML.dll
e:\для работы\parse\fmu10\src\model_exchange\fmusim_me\parse.c(113): warning C6011: Dereferencing NULL pointer 'XMLparsed->pRecRealVar'. 
e:\для работы\parse\fmu10\src\model_exchange\fmusim_me\parse.c(117): warning C6011: Dereferencing NULL pointer 'XMLparsed->pRecIntVar'. 
e:\для работы\parse\fmu10\src\model_exchange\fmusim_me\parse.c(121): warning C6011: Dereferencing NULL pointer 'XMLparsed->pRecBoolVar'. 
e:\для работы\parse\fmu10\src\model_exchange\fmusim_me\parse.c(125): warning C6011: Dereferencing NULL pointer 'XMLparsed->pRecStringVar'. 
e:\для работы\parse\fmu10\src\shared\stack.c(18): warning C6011: Dereferencing NULL pointer 's'. 
e:\для работы\parse\fmu10\src\shared\stack.c(36): warning C6308: 'realloc' might return null pointer: assigning null pointer to 's->stack', which is passed as an argument to 'realloc', will cause the original memory block to be leaked.
e:\для работы\parse\fmu10\src\shared\stack.c(66): warning C6386: Buffer overrun while writing to 'array':  the writable size is '((n+1))*sizeof(void *)' bytes, but 'n' bytes might be written.
e:\для работы\parse\fmu10\src\shared\stack.c(78): warning C6386: Buffer overrun while writing to 'array':  the writable size is '((s->stackPos+1))*sizeof(void *)' bytes, but '8' bytes might be written.
e:\для работы\parse\fmu10\src\shared\xml_parser.c(443): warning C6011: Dereferencing NULL pointer 'att'. 
e:\для работы\parse\fmu10\src\shared\xml_parser.c(455): warning C6011: Dereferencing NULL pointer 'e'. 
e:\для работы\parse\fmu10\src\shared\xml_parser.c(720): warning C6308: 'realloc' might return null pointer: assigning null pointer to 'data', which is passed as an argument to 'realloc', will cause the original memory block to be leaked.
e:\для работы\parse\fmu10\src\shared\xml_parser.c(721): warning C28183: 'data' could be '0', and is a copy of the value found in 'realloc()`720':  this does not adhere to the specification for the function 'strncat'. 
e:\для работы\parse\fmu10\src\shared\xml_parser.c(722): warning C28182: Dereferencing NULL pointer. 'data' contains the same NULL value as 'realloc()`720' did. See line 721 for an earlier location where this can occur
e:\для работы\parse\fmu10\src\shared\xml_parser.c(713): warning C6387: 'data' could be '0':  this does not adhere to the specification for the function 'strncpy'. 
