e:\для работы\parse\fmu10\debug\vc140.pdb
e:\для работы\parse\fmu10\debug\vc140.idb
e:\для работы\parse\fmu10\debug\parse.nativecodeanalysis.xml
e:\для работы\parse\fmu10\debug\stack.nativecodeanalysis.xml
e:\для работы\parse\fmu10\debug\xmlversionparser.nativecodeanalysis.xml
e:\для работы\parse\fmu10\debug\xml_parser.nativecodeanalysis.xml
e:\для работы\parse\fmu10\debug\xml_parser.obj
e:\для работы\parse\fmu10\debug\xmlversionparser.obj
e:\для работы\parse\fmu10\debug\stack.obj
e:\для работы\parse\fmu10\debug\parse.obj
e:\simintech\bin\parserxml.ilk
e:\simintech\bin\parserxml.dll
e:\simintech\bin\parserxml.pdb
e:\simintech\bin\parserxml.lib
e:\simintech\bin\parserxml.exp
e:\для работы\parse\fmu10\debug\nativecodeanalysis.read.1.tlog
e:\для работы\parse\fmu10\debug\vc.nativecodeanalysis.all.xml
e:\для работы\parse\fmu10\..\..\..\simintech\bin\parserxml.dll
e:\для работы\parse\fmu10\debug\parserxml.tlog\cl.command.1.tlog
e:\для работы\parse\fmu10\debug\parserxml.tlog\cl.read.1.tlog
e:\для работы\parse\fmu10\debug\parserxml.tlog\cl.write.1.tlog
e:\для работы\parse\fmu10\debug\parserxml.tlog\link.command.1.tlog
e:\для работы\parse\fmu10\debug\parserxml.tlog\link.read.1.tlog
e:\для работы\parse\fmu10\debug\parserxml.tlog\link.write.1.tlog
e:\для работы\parse\fmu10\debug\parserxml.tlog\parserxml.write.1u.tlog
