Построение начато 18.09.2017 9:10:34.
     1>Проект "E:\Для Работы\parse\fmu10 - копия\jhl.vcxproj" в узле 2 (целевые объекты build).
     1>InitializeBuildStatus:
         Создание "Release\jhl.unsuccessfulbuild", так как было задано "AlwaysCreate".
       ClCompile:
         E:\visual studio 2010\VC\bin\CL.exe /c /Zi /nologo /W3 /WX- /O2 /Oy- /D WIN32 /D NDEBUG /D _CONSOLE /D STANDALONE_XML_PARSER /D LIBXML_STATIC /Gm- /EHsc /MD /GS /fp:precise /Zc:wchar_t /Zc:forScope /Fo"Release\\" /Fd"Release\vc100.pdb" /Gd /TC /analyze- /errorReport:prompt src\model_exchange\fmusim_me\main.c src\shared\sim_support.c src\shared\stack.c src\shared\xmlVersionParser.c src\shared\xml_parser.c
         main.c
     1>src\model_exchange\fmusim_me\main.c(96): warning C4996: 'fopen': This function or variable may be unsafe. Consider using fopen_s instead. To disable deprecation, use _CRT_SECURE_NO_WARNINGS. See online help for details.
                 E:\visual studio 2010\VC\include\stdio.h(234): см. объявление "fopen"
     1>src\model_exchange\fmusim_me\main.c(98): warning C4996: 'strerror': This function or variable may be unsafe. Consider using strerror_s instead. To disable deprecation, use _CRT_SECURE_NO_WARNINGS. See online help for details.
                 E:\visual studio 2010\VC\include\string.h(157): см. объявление "strerror"
     1>src\model_exchange\fmusim_me\main.c(51): warning C4101: n: неиспользованная локальная переменная
         sim_support.c
     1>src\shared\sim_support.c(51): warning C4996: 'strcat': This function or variable may be unsafe. Consider using strcat_s instead. To disable deprecation, use _CRT_SECURE_NO_WARNINGS. See online help for details.
     1>src\shared\sim_support.c(59): warning C4996: 'sprintf': This function or variable may be unsafe. Consider using sprintf_s instead. To disable deprecation, use _CRT_SECURE_NO_WARNINGS. See online help for details.
                 E:\visual studio 2010\VC\include\stdio.h(371): см. объявление "sprintf"
     1>src\shared\sim_support.c(87): warning C4996: 'strdup': The POSIX name for this item is deprecated. Instead, use the ISO C++ conformant name: _strdup. See online help for details.
                 E:\visual studio 2010\VC\include\string.h(238): см. объявление "strdup"
     1>src\shared\sim_support.c(96): warning C4996: 'strcat': This function or variable may be unsafe. Consider using strcat_s instead. To disable deprecation, use _CRT_SECURE_NO_WARNINGS. See online help for details.
     1>src\shared\sim_support.c(97): warning C4996: 'strdup': The POSIX name for this item is deprecated. Instead, use the ISO C++ conformant name: _strdup. See online help for details.
                 E:\visual studio 2010\VC\include\string.h(238): см. объявление "strdup"
     1>src\shared\sim_support.c(103): warning C4996: 'strcpy': This function or variable may be unsafe. Consider using strcpy_s instead. To disable deprecation, use _CRT_SECURE_NO_WARNINGS. See online help for details.
     1>src\shared\sim_support.c(104): warning C4996: 'strcat': This function or variable may be unsafe. Consider using strcat_s instead. To disable deprecation, use _CRT_SECURE_NO_WARNINGS. See online help for details.
     1>src\shared\sim_support.c(112): warning C4996: 'sprintf': This function or variable may be unsafe. Consider using sprintf_s instead. To disable deprecation, use _CRT_SECURE_NO_WARNINGS. See online help for details.
                 E:\visual studio 2010\VC\include\stdio.h(371): см. объявление "sprintf"
     1>src\shared\sim_support.c(218): warning C4996: 'sprintf': This function or variable may be unsafe. Consider using sprintf_s instead. To disable deprecation, use _CRT_SECURE_NO_WARNINGS. See online help for details.
                 E:\visual studio 2010\VC\include\stdio.h(371): см. объявление "sprintf"
     1>src\shared\sim_support.c(222): warning C4996: 'sprintf': This function or variable may be unsafe. Consider using sprintf_s instead. To disable deprecation, use _CRT_SECURE_NO_WARNINGS. See online help for details.
                 E:\visual studio 2010\VC\include\stdio.h(371): см. объявление "sprintf"
     1>src\shared\sim_support.c(239): warning C4996: 'sprintf': This function or variable may be unsafe. Consider using sprintf_s instead. To disable deprecation, use _CRT_SECURE_NO_WARNINGS. See online help for details.
                 E:\visual studio 2010\VC\include\stdio.h(371): см. объявление "sprintf"
     1>src\shared\sim_support.c(268): warning C4996: 'sprintf': This function or variable may be unsafe. Consider using sprintf_s instead. To disable deprecation, use _CRT_SECURE_NO_WARNINGS. See online help for details.
                 E:\visual studio 2010\VC\include\stdio.h(371): см. объявление "sprintf"
     1>src\shared\sim_support.c(276): warning C4996: 'sprintf': This function or variable may be unsafe. Consider using sprintf_s instead. To disable deprecation, use _CRT_SECURE_NO_WARNINGS. See online help for details.
                 E:\visual studio 2010\VC\include\stdio.h(371): см. объявление "sprintf"
     1>src\shared\sim_support.c(434): warning C4996: 'sscanf': This function or variable may be unsafe. Consider using sscanf_s instead. To disable deprecation, use _CRT_SECURE_NO_WARNINGS. See online help for details.
                 E:\visual studio 2010\VC\include\stdio.h(325): см. объявление "sscanf"
     1>src\shared\sim_support.c(439): warning C4996: 'sprintf': This function or variable may be unsafe. Consider using sprintf_s instead. To disable deprecation, use _CRT_SECURE_NO_WARNINGS. See online help for details.
                 E:\visual studio 2010\VC\include\stdio.h(371): см. объявление "sprintf"
     1>src\shared\sim_support.c(465): warning C4996: 'vsprintf': This function or variable may be unsafe. Consider using vsprintf_s instead. To disable deprecation, use _CRT_SECURE_NO_WARNINGS. See online help for details.
                 E:\visual studio 2010\VC\include\stdio.h(371): см. объявление "vsprintf"
     1>src\shared\sim_support.c(469): warning C4996: 'strdup': The POSIX name for this item is deprecated. Instead, use the ISO C++ conformant name: _strdup. See online help for details.
                 E:\visual studio 2010\VC\include\string.h(238): см. объявление "strdup"
     1>src\shared\sim_support.c(495): warning C4996: 'sscanf': This function or variable may be unsafe. Consider using sscanf_s instead. To disable deprecation, use _CRT_SECURE_NO_WARNINGS. See online help for details.
                 E:\visual studio 2010\VC\include\stdio.h(325): см. объявление "sscanf"
     1>src\shared\sim_support.c(501): warning C4996: 'sscanf': This function or variable may be unsafe. Consider using sscanf_s instead. To disable deprecation, use _CRT_SECURE_NO_WARNINGS. See online help for details.
                 E:\visual studio 2010\VC\include\stdio.h(325): см. объявление "sscanf"
     1>src\shared\sim_support.c(507): warning C4996: 'sscanf': This function or variable may be unsafe. Consider using sscanf_s instead. To disable deprecation, use _CRT_SECURE_NO_WARNINGS. See online help for details.
                 E:\visual studio 2010\VC\include\stdio.h(325): см. объявление "sscanf"
         stack.c
         xmlVersionParser.c
     1>src\shared\xmlVersionParser.c(43): warning C4996: 'strdup': The POSIX name for this item is deprecated. Instead, use the ISO C++ conformant name: _strdup. See online help for details.
                 E:\visual studio 2010\VC\include\string.h(238): см. объявление "strdup"
         xml_parser.c
     1>src\shared\xml_parser.c(85): warning C4996: 'sscanf': This function or variable may be unsafe. Consider using sscanf_s instead. To disable deprecation, use _CRT_SECURE_NO_WARNINGS. See online help for details.
                 E:\visual studio 2010\VC\include\stdio.h(325): см. объявление "sscanf"
     1>src\shared\xml_parser.c(95): warning C4996: 'sscanf': This function or variable may be unsafe. Consider using sscanf_s instead. To disable deprecation, use _CRT_SECURE_NO_WARNINGS. See online help for details.
                 E:\visual studio 2010\VC\include\stdio.h(325): см. объявление "sscanf"
     1>src\shared\xml_parser.c(103): warning C4996: 'sscanf': This function or variable may be unsafe. Consider using sscanf_s instead. To disable deprecation, use _CRT_SECURE_NO_WARNINGS. See online help for details.
                 E:\visual studio 2010\VC\include\stdio.h(325): см. объявление "sscanf"
     1>src\shared\xml_parser.c(304): warning C4996: 'sscanf': This function or variable may be unsafe. Consider using sscanf_s instead. To disable deprecation, use _CRT_SECURE_NO_WARNINGS. See online help for details.
                 E:\visual studio 2010\VC\include\stdio.h(325): см. объявление "sscanf"
     1>src\shared\xml_parser.c(432): warning C4996: 'strdup': The POSIX name for this item is deprecated. Instead, use the ISO C++ conformant name: _strdup. See online help for details.
                 E:\visual studio 2010\VC\include\string.h(238): см. объявление "strdup"
     1>src\shared\xml_parser.c(710): warning C4996: 'strdup': The POSIX name for this item is deprecated. Instead, use the ISO C++ conformant name: _strdup. See online help for details.
                 E:\visual studio 2010\VC\include\string.h(238): см. объявление "strdup"
     1>src\shared\xml_parser.c(713): warning C4996: 'strncpy': This function or variable may be unsafe. Consider using strncpy_s instead. To disable deprecation, use _CRT_SECURE_NO_WARNINGS. See online help for details.
                 E:\visual studio 2010\VC\include\string.h(188): см. объявление "strncpy"
     1>src\shared\xml_parser.c(721): warning C4996: 'strncat': This function or variable may be unsafe. Consider using strncat_s instead. To disable deprecation, use _CRT_SECURE_NO_WARNINGS. See online help for details.
                 E:\visual studio 2010\VC\include\string.h(175): см. объявление "strncat"
     1>src\shared\xml_parser.c(889): warning C4996: 'fopen': This function or variable may be unsafe. Consider using fopen_s instead. To disable deprecation, use _CRT_SECURE_NO_WARNINGS. See online help for details.
                 E:\visual studio 2010\VC\include\stdio.h(234): см. объявление "fopen"
         Создание кода...
       Link:
         E:\visual studio 2010\VC\bin\link.exe /ERRORREPORT:PROMPT /OUT:"E:\Для Работы\parse\fmu10 - копия\Release\jhl.exe" /INCREMENTAL:NO /NOLOGO libexpatMT.lib kernel32.lib user32.lib gdi32.lib winspool.lib comdlg32.lib advapi32.lib shell32.lib ole32.lib oleaut32.lib uuid.lib odbc32.lib odbccp32.lib /NODEFAULTLIB:LIBCMT.lib /MANIFEST /ManifestFile:"Release\jhl.exe.intermediate.manifest" /MANIFESTUAC:"level='asInvoker' uiAccess='false'" /DEBUG /PDB:"E:\Для Работы\parse\fmu10 - копия\Release\jhl.pdb" /SUBSYSTEM:CONSOLE /OPT:REF /OPT:ICF /TLBID:1 /DYNAMICBASE /NXCOMPAT /IMPLIB:"E:\Для Работы\parse\fmu10 - копия\Release\jhl.lib" /MACHINE:X86 Release\main.obj
         Release\sim_support.obj
         Release\stack.obj
         Release\xmlVersionParser.obj
         Release\xml_parser.obj
         jhl.vcxproj -> E:\Для Работы\parse\fmu10 - копия\Release\jhl.exe
       Manifest:
         C:\Program Files (x86)\Microsoft SDKs\Windows\v7.0A\bin\mt.exe /nologo /verbose /outputresource:"E:\Для Работы\parse\fmu10 - копия\Release\jhl.exe;#1" /manifest Release\jhl.exe.intermediate.manifest
       FinalizeBuildStatus:
         Файл "Release\jhl.unsuccessfulbuild" удаляется.
         Обращение к "Release\jhl.lastbuildstate".
     1>Построение проекта "E:\Для Работы\parse\fmu10 - копия\jhl.vcxproj" завершено (целевые объекты build).

Построение успешно завершено.

Затраченное время: 00:00:01.58
